[2023.04.15-12.53.21:880] [EOS SDK] Initializing ...
[2023.04.15-12.53.21:892] [EOS SDK] Initialized. Setting Logging Callback ...
[2023.04.15-12.53.21:892] [EOS SDK] Logging Callback Set
[2023.04.15-12.53.21:893] [EOS SDK] LogEOS: Default Network Status: EOS_NS_Online
[2023.04.15-12.53.21:893] [EOS SDK] LogEOS: [Boot] EOSSDK Version 1.15.5-24099393 booting at 2023-04-15T12:53:21.893Z using C
[2023.04.15-12.53.21:893] [EOS SDK] LogEOS: [Boot] EOSSDK Platform Properties [OS=Windows/10.0.22000.1761.64bit, ClientId=xyza7891cHQIAxVpn4iwHSPLv4JGOZp6, ProductId=cf6e819c86fc45548c72029b93e59853, SandboxId=3bd37bf86718447bbb4f5d7473212ec5, DeploymentId=7c5d0e6b46f2429aab485c838008d458, ProductName=MBGame, ProductVersion=1.0, IsServer=false, Flags=EnableD3D9Overlay+EnableD3D10Overlay+EnableOpenGLOverlay]
[2023.04.15-12.53.21:893] [EOS SDK] LogEOSAnalytics: Start Session (User: ...)
[2023.04.15-12.53.21:894] [EOS SDK] LogEOSOverlay: OverlayPath registry key found in HKCU
[2023.04.15-12.53.22:031] [EOS SDK] LogEOSOverlay: Overlay library loaded, version ++EOSSDK+Release-Overlay-CL-21323361
[2023.04.15-12.53.22:032] [EOS SDK] LogEOSOverlay: Beginning dxgi factory detour
[2023.04.15-12.53.22:032] [EOS SDK] LogEOSOverlay: Factory detour complete
[2023.04.15-12.53.22:032] [EOS SDK] LogEOSOverlay: Beginning swap chain detour
[2023.04.15-12.53.22:032] [EOS SDK] LogEOSOverlay: Attempting to create swap chain using D3D11
[2023.04.15-12.53.22:032] [EOS SDK] LogEOSOverlay: Successfully created swap chain using D3D11 with feature level b000
[2023.04.15-12.53.22:032] [EOS SDK] LogEOSOverlay: Swapchain detour complete
[2023.04.15-12.53.22:032] [EOS SDK] LogEOSOverlay: Overlay loaded and initialized
[2023.04.15-12.53.22:032] [EOS SDK] LogEOSAnalytics: Record Event: SDKOverlayComponent.Init <Redacted>
[2023.04.15-12.53.22:033] [EOS SDK] LogEOSUI: Social Overlay: Configuring intent payload handlers for FSocialOverlayJavascript
[2023.04.15-12.53.22:033] [EOS SDK] LogEOSUI: Hot key event ignored because there are no known users.
[2023.04.15-12.53.22:048] [EOS SDK] LogEOSAntiCheat: [AntiCheatClient] Anti-cheat client not available. Verify that the game was started using the anti-cheat bootstrapper if you intend to use it.
[2023.04.15-12.53.22:048] [EOS SDK] LogEOSRTC: LibRTCCore: Initializing LibRTC...
[2023.04.15-12.53.22:282] OpenGL Context Chosen: 3.1, Wanted: 3.1
[2023.04.15-12.53.22:290] AssetDir: C:\Projects\MBGame\Game\EOS-SDK-24099393-v1.15.5\Samples\AuthAndFriends\Bin\Win64\Debug_SDL\../../../../Shared/
[2023.04.15-12.53.22:297] EOS SDK SetCurrentPayload: A1B2C3D4E5
[2023.04.15-12.53.22:302] [EOS SDK] Overlay Display Settings Updated: Visible(FALSE) ExclusiveInput(FALSE)
[2023.04.15-12.53.22:302] [EOS SDK] LogEOS: Updating Platform SDK Config, Time: 0.253290
[2023.04.15-12.53.22:303] [EOS SDK] LogEOSAnalytics: Record Event: Overlay.OverlayLoaded <Redacted>
[2023.04.15-12.53.22:303] [EOS SDK] LogEOSAnalytics: Record Event: Overlay.FactoryDetour <Redacted>
[2023.04.15-12.53.22:303] [EOS SDK] LogEOSAnalytics: Record Event: Overlay.SwapchainDetour <Redacted>
[2023.04.15-12.53.22:303] [EOS SDK] LogEOSAnalytics: Record Event: Overlay.ClientApi.ObserveBrowserStatus <Redacted>
[2023.04.15-12.53.22:303] [EOS SDK] LogEOSAnalytics: Record Event: Overlay.ClientApi.RegisterKeyListener <Redacted>
[2023.04.15-12.53.22:308] [EOS SDK] LogEOSOverlay: Window subclass attached to 00000000014B095C
[2023.04.15-12.53.22:308] [EOS SDK] LogEOSOverlay: Creating overlay widget manager
[2023.04.15-12.53.22:373] [EOS SDK] LogEOSOverlay: Launching render process
[2023.04.15-12.53.22:376] [EOS SDK] LogEOSOverlay: Overlay ready. Firing 2 OnReady handlers
[2023.04.15-12.53.22:376] [EOS SDK] LogEOSOverlay: Tick thread starting...
[2023.04.15-12.53.22:376] [EOS SDK] LogEOSOverlay: Overlay ready. Firing 0 OnReady handlers
[2023.04.15-12.53.22:378] [EOS SDK] LogEOSAnalytics: Record Event: Overlay.GraphicsDeviceCreated <Redacted>
[2023.04.15-12.53.22:378] [EOS SDK] LogEOSAnalytics: Record Event: Overlay.OverlayInitialized <Redacted>
[2023.04.15-12.53.22:378] [EOS SDK] LogEOSAnal